<?xml version="1.0" encoding="UTF-8"?>
<!-- Generated by org.testng.reporters.JUnitReportReporter -->
<testsuite hostname="DESKTOP-LUHM09Q" failures="0" tests="1" name="resources.Testcaseexecution" time="25.438" errors="0" timestamp="2023-05-29T17:09:16 PDT" skipped="0">
  <testcase classname="resources.Testcaseexecution" name="executePageobjectTestNg" time="25.438"/>
  <system-out>
    <![CDATA[The Test Case is PassD:\TestNGReportScreenShot\0.43307020530628315test.png]]>
  </system-out>
</testsuite> <!-- resources.Testcaseexecution -->
