<?xml version="1.0" encoding="UTF-8"?>
<!-- Generated by org.testng.reporters.JUnitReportReporter -->
<testsuite hostname="DESKTOP-LUHM09Q" failures="0" tests="1" name="utilities.ListenersNew" time="25.777" errors="0" timestamp="2023-05-27T11:52:52 PDT" skipped="0">
  <testcase classname="utilities.ListenersNew" name="executePageobjectTestNg" time="25.777"/>
  <system-out>
    <![CDATA[The Test Case is PassD:\TestNGReportScreenShot\0.3873024388101656test.png]]>
  </system-out>
</testsuite> <!-- utilities.ListenersNew -->
