<?xml version="1.0" encoding="UTF-8"?>
<!-- Generated by org.testng.reporters.JUnitReportReporter -->
<testsuite hostname="DESKTOP-LUHM09Q" failures="0" tests="1" name="testNg.Pizzahut002" time="0.019" errors="0" timestamp="2023-05-24T23:29:49 PDT" skipped="0">
  <testcase classname="testNg.Pizzahut002" name="Pizzahut001234" time="0.019"/>
  <system-out/>
</testsuite> <!-- testNg.Pizzahut002 -->
